#
# There is insufficient memory for the Java Runtime Environment to continue.
# Native memory allocation (malloc) failed to allocate 1822144 bytes for Chunk::new
# Possible reasons:
#   The system is out of physical RAM or swap space
#   The process is running with CompressedOops enabled, and the Java Heap may be blocking the growth of the native heap
# Possible solutions:
#   Reduce memory load on the system
#   Increase physical memory or swap space
#   Check if swap backing store is full
#   Decrease Java heap size (-Xmx/-Xms)
#   Decrease number of Java threads
#   Decrease Java thread stack sizes (-Xss)
#   Set larger code cache with -XX:ReservedCodeCacheSize=
#   JVM is running with Unscaled Compressed Oops mode in which the Java heap is
#     placed in the first 4GB address space. The Java Heap base address is the
#     maximum limit for the native heap growth. Please use -XX:HeapBaseMinAddress
#     to set the Java Heap base and to place the Java Heap above 4GB virtual address.
# This output file may be truncated or incomplete.
#
#  Out of Memory Error (arena.cpp:189), pid=12684, tid=396
#
# JRE version: OpenJDK Runtime Environment Temurin-17.0.7+7 (17.0.7+7) (build 17.0.7+7)
# Java VM: OpenJDK 64-Bit Server VM Temurin-17.0.7+7 (17.0.7+7, mixed mode, sharing, tiered, compressed oops, compressed class ptrs, g1 gc, windows-amd64)
# No core dump will be written. Minidumps are not enabled by default on client versions of Windows
#

---------------  S U M M A R Y ------------

Command Line: -Dorg.jetbrains.run.directory=C:\selenium-framework\src\test\resources\Feature -javaagent:C:\Program Files\JetBrains\IntelliJ IDEA Community Edition 2023.1.2\lib\idea_rt.jar=49179:C:\Program Files\JetBrains\IntelliJ IDEA Community Edition 2023.1.2\bin -Dfile.encoding=UTF-8 io.cucumber.core.cli.Main --plugin org.jetbrains.plugins.cucumber.java.run.CucumberJvm5SMFormatter --name ^Create an account using a valid email address$ --glue com.testing.stepDefinition --glue com.testing.cucumber C:/selenium-framework/src/test/resources/Feature/AccountManagement.feature

Host: Intel(R) Core(TM) i3-8130U CPU @ 2.20GHz, 4 cores, 3G,  Windows 10 , 64 bit Build 19041 (10.0.19041.3155)
Time: Fri Aug 11 15:17:43 2023 GMT Summer Time elapsed time: 20.985318 seconds (0d 0h 0m 20s)

---------------  T H R E A D  ---------------

Current thread (0x000002134b13e3c0):  JavaThread "C2 CompilerThread0" daemon [_thread_in_native, id=396, stack(0x0000007758000000,0x0000007758100000)]


Current CompileTask:
C2:  20985 2343       4       jdk.internal.org.objectweb.asm.Frame::execute (2305 bytes)

Stack: [0x0000007758000000,0x0000007758100000]
Native frames: (J=compiled Java code, j=interpreted, Vv=VM code, C=native code)
V  [jvm.dll+0x67754a]
V  [jvm.dll+0x834304]
V  [jvm.dll+0x835aae]
V  [jvm.dll+0x836113]
V  [jvm.dll+0x24696f]
V  [jvm.dll+0xac0ac]
V  [jvm.dll+0xac67c]
V  [jvm.dll+0x364e37]
V  [jvm.dll+0x32f6b1]
V  [jvm.dll+0x32eb5a]
V  [jvm.dll+0x219641]
V  [jvm.dll+0x218a61]
V  [jvm.dll+0x1a4d8d]
V  [jvm.dll+0x2284da]
V  [jvm.dll+0x226615]
V  [jvm.dll+0x7ea90b]
V  [jvm.dll+0x7e4e7a]
V  [jvm.dll+0x676395]
C  [ucrtbase.dll+0x21bb2]
C  [KERNEL32.DLL+0x17614]
C  [ntdll.dll+0x526b1]


---------------  P R O C E S S  ---------------

Threads class SMR info:
_java_thread_list=0x000002134bb390c0, length=24, elements={
0x000002132fccb8f0, 0x000002132fd87250, 0x000002132fd88770, 0x000002134b139b80,
0x000002134b13a640, 0x000002134b13cf10, 0x000002134b13d7d0, 0x000002134b13e3c0,
0x000002134b13fd80, 0x000002134b1c0430, 0x000002132fd74020, 0x000002134b734730,
0x000002134b734c00, 0x00000213504a1040, 0x000002135044f880, 0x0000021350576370,
0x0000021350576bf0, 0x0000021350602010, 0x0000021350603570, 0x0000021350561470,
0x00000213505627b0, 0x000002135055f790, 0x0000021350561e10, 0x000002135055fc60
}

Java Threads: ( => current thread )
  0x000002132fccb8f0 JavaThread "Forwarding clickElement on session 61b359901726cece65b73bc8e01a2a92 to remote" [_thread_blocked, id=11964, stack(0x0000007757300000,0x0000007757400000)]
  0x000002132fd87250 JavaThread "Reference Handler" daemon [_thread_blocked, id=5256, stack(0x0000007757a00000,0x0000007757b00000)]
  0x000002132fd88770 JavaThread "Finalizer" daemon [_thread_blocked, id=17004, stack(0x0000007757b00000,0x0000007757c00000)]
  0x000002134b139b80 JavaThread "Signal Dispatcher" daemon [_thread_blocked, id=16716, stack(0x0000007757c00000,0x0000007757d00000)]
  0x000002134b13a640 JavaThread "Attach Listener" daemon [_thread_blocked, id=7148, stack(0x0000007757d00000,0x0000007757e00000)]
  0x000002134b13cf10 JavaThread "Service Thread" daemon [_thread_blocked, id=18124, stack(0x0000007757e00000,0x0000007757f00000)]
  0x000002134b13d7d0 JavaThread "Monitor Deflation Thread" daemon [_thread_blocked, id=14828, stack(0x0000007757f00000,0x0000007758000000)]
=>0x000002134b13e3c0 JavaThread "C2 CompilerThread0" daemon [_thread_in_native, id=396, stack(0x0000007758000000,0x0000007758100000)]
  0x000002134b13fd80 JavaThread "C1 CompilerThread0" daemon [_thread_blocked, id=15236, stack(0x0000007758100000,0x0000007758200000)]
  0x000002134b1c0430 JavaThread "Sweeper thread" daemon [_thread_blocked, id=1836, stack(0x0000007758200000,0x0000007758300000)]
  0x000002132fd74020 JavaThread "Common-Cleaner" daemon [_thread_blocked, id=7228, stack(0x0000007758300000,0x0000007758400000)]
  0x000002134b734730 JavaThread "Monitor Ctrl-Break" daemon [_thread_in_native, id=11600, stack(0x0000007758400000,0x0000007758500000)]
  0x000002134b734c00 JavaThread "Notification Thread" daemon [_thread_blocked, id=14372, stack(0x0000007758500000,0x0000007758600000)]
  0x00000213504a1040 JavaThread "ForkJoinPool.commonPool-worker-1" daemon [_thread_blocked, id=7720, stack(0x0000007758a00000,0x0000007758b00000)]
  0x000002135044f880 JavaThread "AsyncHttpClient-1-1" daemon [_thread_blocked, id=17516, stack(0x0000007758b00000,0x0000007758c00000)]
  0x0000021350576370 JavaThread "Exec Default Executor" daemon [_thread_in_native, id=9168, stack(0x0000007758c00000,0x0000007758d00000)]
  0x0000021350576bf0 JavaThread "Driver Service Executor" daemon [_thread_blocked, id=17396, stack(0x0000007758d00000,0x0000007758e00000)]
  0x0000021350602010 JavaThread "Driver Service Executor" daemon [_thread_blocked, id=14980, stack(0x0000007758e00000,0x0000007758f00000)]
  0x0000021350603570 JavaThread "UrlChecker-2" daemon [_thread_blocked, id=11960, stack(0x0000007758f00000,0x0000007759000000)]
  0x0000021350561470 JavaThread "Exec Stream Pumper" daemon [_thread_in_native, id=17664, stack(0x0000007759100000,0x0000007759200000)]
  0x00000213505627b0 JavaThread "Exec Stream Pumper" daemon [_thread_in_native, id=872, stack(0x0000007759200000,0x0000007759300000)]
  0x000002135055f790 JavaThread "AsyncHttpClient-1-2" daemon [_thread_in_native, id=16628, stack(0x0000007759400000,0x0000007759500000)]
  0x0000021350561e10 JavaThread "AsyncHttpClient-1-3" daemon [_thread_in_native, id=8692, stack(0x0000007759300000,0x0000007759400000)]
  0x000002135055fc60 JavaThread "AsyncHttpClient-1-4" daemon [_thread_in_native, id=2000, stack(0x0000007759500000,0x0000007759600000)]

Other Threads:
  0x000002132fd836f0 VMThread "VM Thread" [stack: 0x0000007757900000,0x0000007757a00000] [id=17400]
  0x000002134b6b64f0 WatcherThread [stack: 0x0000007758600000,0x0000007758700000] [id=9468]
  0x000002132fd07cd0 GCTaskThread "GC Thread#0" [stack: 0x0000007757400000,0x0000007757500000] [id=11548]
  0x000002134b95e740 GCTaskThread "GC Thread#1" [stack: 0x0000007758700000,0x0000007758800000] [id=9892]
  0x000002134bd600e0 GCTaskThread "GC Thread#2" [stack: 0x0000007758800000,0x0000007758900000] [id=6480]
  0x000002134bd60390 GCTaskThread "GC Thread#3" [stack: 0x0000007758900000,0x0000007758a00000] [id=9496]
  0x000002132fd107a0 ConcurrentGCThread "G1 Main Marker" [stack: 0x0000007757500000,0x0000007757600000] [id=13040]
  0x000002132fd110c0 ConcurrentGCThread "G1 Conc#0" [stack: 0x0000007757600000,0x0000007757700000] [id=13392]
  0x000002132fd60320 ConcurrentGCThread "G1 Refine#0" [stack: 0x0000007757700000,0x0000007757800000] [id=14976]
  0x000002132fd60c50 ConcurrentGCThread "G1 Service" [stack: 0x0000007757800000,0x0000007757900000] [id=9772]

Threads with active compile tasks:
C2 CompilerThread0    21144 2343       4       jdk.internal.org.objectweb.asm.Frame::execute (2305 bytes)

VM state: not at safepoint (normal execution)

VM Mutex/Monitor currently owned by a thread: None

Heap address: 0x00000000c1c00000, size: 996 MB, Compressed Oops mode: 32-bit

CDS archive(s) mapped at: [0x0000000800000000-0x0000000800bc0000-0x0000000800bc0000), size 12320768, SharedBaseAddress: 0x0000000800000000, ArchiveRelocationMode: 0.
Compressed class space mapped at: 0x0000000801000000-0x0000000841000000, reserved size: 1073741824
Narrow klass base: 0x0000000800000000, Narrow klass shift: 0, Narrow klass range: 0x100000000

GC Precious Log:
 CPUs: 4 total, 4 available
 Memory: 3976M
 Large Page Support: Disabled
 NUMA Support: Disabled
 Compressed Oops: Enabled (32-bit)
 Heap Region Size: 1M
 Heap Min Capacity: 8M
 Heap Initial Capacity: 64M
 Heap Max Capacity: 996M
 Pre-touch: Disabled
 Parallel Workers: 4
 Concurrent Workers: 1
 Concurrent Refinement Workers: 4
 Periodic GC: Disabled

Heap:
 garbage-first heap   total 65536K, used 33187K [0x00000000c1c00000, 0x0000000100000000)
  region size 1024K, 6 young (6144K), 1 survivors (1024K)
 Metaspace       used 22001K, committed 22208K, reserved 1114112K
  class space    used 2849K, committed 2944K, reserved 1048576K

Heap Regions: E=young(eden), S=young(survivor), O=old, HS=humongous(starts), HC=humongous(continues), CS=collection set, F=free, OA=open archive, CA=closed archive, TAMS=top-at-mark-start (previous, next)
|   0|0x00000000c1c00000, 0x00000000c1d00000, 0x00000000c1d00000|100%| O|  |TAMS 0x00000000c1d00000, 0x00000000c1c00000| Untracked 
|   1|0x00000000c1d00000, 0x00000000c1e00000, 0x00000000c1e00000|100%| O|  |TAMS 0x00000000c1e00000, 0x00000000c1d00000| Untracked 
|   2|0x00000000c1e00000, 0x00000000c1f00000, 0x00000000c1f00000|100%| O|  |TAMS 0x00000000c1f00000, 0x00000000c1e00000| Untracked 
|   3|0x00000000c1f00000, 0x00000000c2000000, 0x00000000c2000000|100%| O|  |TAMS 0x00000000c2000000, 0x00000000c1f00000| Untracked 
|   4|0x00000000c2000000, 0x00000000c2100000, 0x00000000c2100000|100%| O|  |TAMS 0x00000000c2100000, 0x00000000c2000000| Untracked 
|   5|0x00000000c2100000, 0x00000000c2200000, 0x00000000c2200000|100%| O|  |TAMS 0x00000000c2200000, 0x00000000c2100000| Untracked 
|   6|0x00000000c2200000, 0x00000000c2300000, 0x00000000c2300000|100%| O|  |TAMS 0x00000000c2300000, 0x00000000c2200000| Untracked 
|   7|0x00000000c2300000, 0x00000000c2400000, 0x00000000c2400000|100%|HS|  |TAMS 0x00000000c2400000, 0x00000000c2300000| Complete 
|   8|0x00000000c2400000, 0x00000000c2500000, 0x00000000c2500000|100%|HC|  |TAMS 0x00000000c2500000, 0x00000000c2400000| Complete 
|   9|0x00000000c2500000, 0x00000000c2600000, 0x00000000c2600000|100%|HC|  |TAMS 0x00000000c2600000, 0x00000000c2500000| Complete 
|  10|0x00000000c2600000, 0x00000000c2700000, 0x00000000c2700000|100%|HC|  |TAMS 0x00000000c2700000, 0x00000000c2600000| Complete 
|  11|0x00000000c2700000, 0x00000000c2800000, 0x00000000c2800000|100%|HC|  |TAMS 0x00000000c2800000, 0x00000000c2700000| Complete 
|  12|0x00000000c2800000, 0x00000000c2900000, 0x00000000c2900000|100%|HC|  |TAMS 0x00000000c2900000, 0x00000000c2800000| Complete 
|  13|0x00000000c2900000, 0x00000000c2a00000, 0x00000000c2a00000|100%|HC|  |TAMS 0x00000000c2a00000, 0x00000000c2900000| Complete 
|  14|0x00000000c2a00000, 0x00000000c2b00000, 0x00000000c2b00000|100%|HC|  |TAMS 0x00000000c2b00000, 0x00000000c2a00000| Complete 
|  15|0x00000000c2b00000, 0x00000000c2c00000, 0x00000000c2c00000|100%|HC|  |TAMS 0x00000000c2c00000, 0x00000000c2b00000| Complete 
|  16|0x00000000c2c00000, 0x00000000c2d00000, 0x00000000c2d00000|100%|HC|  |TAMS 0x00000000c2d00000, 0x00000000c2c00000| Complete 
|  17|0x00000000c2d00000, 0x00000000c2e00000, 0x00000000c2e00000|100%|HC|  |TAMS 0x00000000c2e00000, 0x00000000c2d00000| Complete 
|  18|0x00000000c2e00000, 0x00000000c2f00000, 0x00000000c2f00000|100%|HC|  |TAMS 0x00000000c2f00000, 0x00000000c2e00000| Complete 
|  19|0x00000000c2f00000, 0x00000000c3000000, 0x00000000c3000000|100%|HC|  |TAMS 0x00000000c3000000, 0x00000000c2f00000| Complete 
|  20|0x00000000c3000000, 0x00000000c3100000, 0x00000000c3100000|100%|HC|  |TAMS 0x00000000c3100000, 0x00000000c3000000| Complete 
|  21|0x00000000c3100000, 0x00000000c3200000, 0x00000000c3200000|100%|HC|  |TAMS 0x00000000c3200000, 0x00000000c3100000| Complete 
|  22|0x00000000c3200000, 0x00000000c3300000, 0x00000000c3300000|100%|HC|  |TAMS 0x00000000c3300000, 0x00000000c3200000| Complete 
|  23|0x00000000c3300000, 0x00000000c3400000, 0x00000000c3400000|100%|HC|  |TAMS 0x00000000c3400000, 0x00000000c3300000| Complete 
|  24|0x00000000c3400000, 0x00000000c3500000, 0x00000000c3500000|100%| O|  |TAMS 0x00000000c3500000, 0x00000000c3400000| Untracked 
|  25|0x00000000c3500000, 0x00000000c3600000, 0x00000000c3600000|100%| O|  |TAMS 0x00000000c3600000, 0x00000000c3500000| Untracked 
|  26|0x00000000c3600000, 0x00000000c3700000, 0x00000000c3700000|100%| O|  |TAMS 0x00000000c368be00, 0x00000000c3600000| Untracked 
|  27|0x00000000c3700000, 0x00000000c3800000, 0x00000000c3800000|100%| O|  |TAMS 0x00000000c3700000, 0x00000000c3700000| Untracked 
|  28|0x00000000c3800000, 0x00000000c38c9800, 0x00000000c3900000| 78%| O|  |TAMS 0x00000000c3800000, 0x00000000c3800000| Untracked 
|  29|0x00000000c3900000, 0x00000000c3900000, 0x00000000c3a00000|  0%| F|  |TAMS 0x00000000c3900000, 0x00000000c3900000| Untracked 
|  30|0x00000000c3a00000, 0x00000000c3a00000, 0x00000000c3b00000|  0%| F|  |TAMS 0x00000000c3a00000, 0x00000000c3a00000| Untracked 
|  31|0x00000000c3b00000, 0x00000000c3b00000, 0x00000000c3c00000|  0%| F|  |TAMS 0x00000000c3b00000, 0x00000000c3b00000| Untracked 
|  32|0x00000000c3c00000, 0x00000000c3c00000, 0x00000000c3d00000|  0%| F|  |TAMS 0x00000000c3c00000, 0x00000000c3c00000| Untracked 
|  33|0x00000000c3d00000, 0x00000000c3d00000, 0x00000000c3e00000|  0%| F|  |TAMS 0x00000000c3d00000, 0x00000000c3d00000| Untracked 
|  34|0x00000000c3e00000, 0x00000000c3e00000, 0x00000000c3f00000|  0%| F|  |TAMS 0x00000000c3e00000, 0x00000000c3e00000| Untracked 
|  35|0x00000000c3f00000, 0x00000000c3f00000, 0x00000000c4000000|  0%| F|  |TAMS 0x00000000c3f00000, 0x00000000c3f00000| Untracked 
|  36|0x00000000c4000000, 0x00000000c4000000, 0x00000000c4100000|  0%| F|  |TAMS 0x00000000c4000000, 0x00000000c4000000| Untracked 
|  37|0x00000000c4100000, 0x00000000c4100000, 0x00000000c4200000|  0%| F|  |TAMS 0x00000000c4100000, 0x00000000c4100000| Untracked 
|  38|0x00000000c4200000, 0x00000000c4200000, 0x00000000c4300000|  0%| F|  |TAMS 0x00000000c4200000, 0x00000000c4200000| Untracked 
|  39|0x00000000c4300000, 0x00000000c4300000, 0x00000000c4400000|  0%| F|  |TAMS 0x00000000c4300000, 0x00000000c4300000| Untracked 
|  40|0x00000000c4400000, 0x00000000c4400000, 0x00000000c4500000|  0%| F|  |TAMS 0x00000000c4400000, 0x00000000c4400000| Untracked 
|  41|0x00000000c4500000, 0x00000000c4500000, 0x00000000c4600000|  0%| F|  |TAMS 0x00000000c4500000, 0x00000000c4500000| Untracked 
|  42|0x00000000c4600000, 0x00000000c4600000, 0x00000000c4700000|  0%| F|  |TAMS 0x00000000c4600000, 0x00000000c4600000| Untracked 
|  43|0x00000000c4700000, 0x00000000c4700000, 0x00000000c4800000|  0%| F|  |TAMS 0x00000000c4700000, 0x00000000c4700000| Untracked 
|  44|0x00000000c4800000, 0x00000000c4800000, 0x00000000c4900000|  0%| F|  |TAMS 0x00000000c4800000, 0x00000000c4800000| Untracked 
|  45|0x00000000c4900000, 0x00000000c4900000, 0x00000000c4a00000|  0%| F|  |TAMS 0x00000000c4900000, 0x00000000c4900000| Untracked 
|  46|0x00000000c4a00000, 0x00000000c4a00000, 0x00000000c4b00000|  0%| F|  |TAMS 0x00000000c4a00000, 0x00000000c4a00000| Untracked 
|  47|0x00000000c4b00000, 0x00000000c4b00000, 0x00000000c4c00000|  0%| F|  |TAMS 0x00000000c4b00000, 0x00000000c4b00000| Untracked 
|  48|0x00000000c4c00000, 0x00000000c4c00000, 0x00000000c4d00000|  0%| F|  |TAMS 0x00000000c4c00000, 0x00000000c4c00000| Untracked 
|  49|0x00000000c4d00000, 0x00000000c4d00000, 0x00000000c4e00000|  0%| F|  |TAMS 0x00000000c4d00000, 0x00000000c4d00000| Untracked 
|  50|0x00000000c4e00000, 0x00000000c4e00000, 0x00000000c4f00000|  0%| F|  |TAMS 0x00000000c4e00000, 0x00000000c4e00000| Untracked 
|  51|0x00000000c4f00000, 0x00000000c4f00000, 0x00000000c5000000|  0%| F|  |TAMS 0x00000000c4f00000, 0x00000000c4f00000| Untracked 
|  52|0x00000000c5000000, 0x00000000c5000000, 0x00000000c5100000|  0%| F|  |TAMS 0x00000000c5000000, 0x00000000c5000000| Untracked 
|  53|0x00000000c5100000, 0x00000000c5100000, 0x00000000c5200000|  0%| F|  |TAMS 0x00000000c5100000, 0x00000000c5100000| Untracked 
|  54|0x00000000c5200000, 0x00000000c5200000, 0x00000000c5300000|  0%| F|  |TAMS 0x00000000c5200000, 0x00000000c5200000| Untracked 
|  55|0x00000000c5300000, 0x00000000c5300000, 0x00000000c5400000|  0%| F|  |TAMS 0x00000000c5300000, 0x00000000c5300000| Untracked 
|  56|0x00000000c5400000, 0x00000000c5400000, 0x00000000c5500000|  0%| F|  |TAMS 0x00000000c5400000, 0x00000000c5400000| Untracked 
|  57|0x00000000c5500000, 0x00000000c5500000, 0x00000000c5600000|  0%| F|  |TAMS 0x00000000c5500000, 0x00000000c5500000| Untracked 
|  58|0x00000000c5600000, 0x00000000c569f4f8, 0x00000000c5700000| 62%| S|CS|TAMS 0x00000000c5600000, 0x00000000c5600000| Complete 
|  59|0x00000000c5700000, 0x00000000c5753318, 0x00000000c5800000| 32%| E|  |TAMS 0x00000000c5700000, 0x00000000c5700000| Complete 
|  60|0x00000000c5800000, 0x00000000c5900000, 0x00000000c5900000|100%| E|CS|TAMS 0x00000000c5800000, 0x00000000c5800000| Complete 
|  61|0x00000000c5900000, 0x00000000c5a00000, 0x00000000c5a00000|100%| E|CS|TAMS 0x00000000c5900000, 0x00000000c5900000| Complete 
|  62|0x00000000c5a00000, 0x00000000c5b00000, 0x00000000c5b00000|100%| E|  |TAMS 0x00000000c5a00000, 0x00000000c5a00000| Complete 
|  63|0x00000000c5b00000, 0x00000000c5c00000, 0x00000000c5c00000|100%| E|CS|TAMS 0x00000000c5b00000, 0x00000000c5b00000| Complete 

Card table byte_map: [0x00000213469b0000,0x0000021346bb0000] _byte_map_base: 0x00000213463a2000

Marking Bits (Prev, Next): (CMBitMap*) 0x000002132fd08230, (CMBitMap*) 0x000002132fd081f0
 Prev Bits: [0x0000021347d40000, 0x0000021348cd0000)
 Next Bits: [0x0000021346db0000, 0x0000021347d40000)

Polling page: 0x000002132f490000

Metaspace:

Usage:
  Non-class:     18.70 MB used.
      Class:      2.78 MB used.
       Both:     21.49 MB used.

Virtual space:
  Non-class space:       64.00 MB reserved,      18.81 MB ( 29%) committed,  1 nodes.
      Class space:        1.00 GB reserved,       2.88 MB ( <1%) committed,  1 nodes.
             Both:        1.06 GB reserved,      21.69 MB (  2%) committed. 

Chunk freelists:
   Non-Class:  12.58 MB
       Class:  13.03 MB
        Both:  25.61 MB

MaxMetaspaceSize: unlimited
CompressedClassSpaceSize: 1.00 GB
Initial GC threshold: 21.00 MB
Current GC threshold: 35.12 MB
CDS: on
MetaspaceReclaimPolicy: balanced
 - commit_granule_bytes: 65536.
 - commit_granule_words: 8192.
 - virtual_space_node_default_size: 8388608.
 - enlarge_chunks_in_place: 1.
 - new_chunks_are_fully_committed: 0.
 - uncommit_free_chunks: 1.
 - use_allocation_guard: 0.
 - handle_deallocations: 1.


Internal statistics:

num_allocs_failed_limit: 3.
num_arena_births: 192.
num_arena_deaths: 0.
num_vsnodes_births: 2.
num_vsnodes_deaths: 0.
num_space_committed: 347.
num_space_uncommitted: 0.
num_chunks_returned_to_freelist: 3.
num_chunks_taken_from_freelist: 744.
num_chunk_merges: 3.
num_chunk_splits: 534.
num_chunks_enlarged: 434.
num_inconsistent_stats: 0.

CodeHeap 'non-profiled nmethods': size=120000Kb used=971Kb max_used=971Kb free=119028Kb
 bounds [0x000002133f280000, 0x000002133f4f0000, 0x00000213467b0000]
CodeHeap 'profiled nmethods': size=120000Kb used=4776Kb max_used=4776Kb free=115223Kb
 bounds [0x00000213377b0000, 0x0000021337c60000, 0x000002133ece0000]
CodeHeap 'non-nmethods': size=5760Kb used=1264Kb max_used=1325Kb free=4495Kb
 bounds [0x000002133ece0000, 0x000002133ef50000, 0x000002133f280000]
 total_blobs=2958 nmethods=2380 adapters=490
 compilation: enabled
              stopped_count=0, restarted_count=0
 full_count=0

Compilation events (20 events):
Event: 20.779 Thread 0x000002134b13fd80 2359       3       java.util.ArrayList::spliterator (12 bytes)
Event: 20.779 Thread 0x000002134b13fd80 nmethod 2359 0x0000021337c4fc10 code [0x0000021337c4fdc0, 0x0000021337c50058]
Event: 20.779 Thread 0x000002134b13fd80 2360       3       java.util.ArrayList$ArrayListSpliterator::<init> (26 bytes)
Event: 20.779 Thread 0x000002134b13fd80 nmethod 2360 0x0000021337c50190 code [0x0000021337c50320, 0x0000021337c504f8]
Event: 20.779 Thread 0x000002134b13fd80 2361       3       java.util.stream.ReduceOps$3::makeSink (5 bytes)
Event: 20.779 Thread 0x000002134b13fd80 nmethod 2361 0x0000021337c50610 code [0x0000021337c507c0, 0x0000021337c50908]
Event: 20.779 Thread 0x000002134b13fd80 2362       3       java.util.stream.ReduceOps$3::makeSink (20 bytes)
Event: 20.779 Thread 0x000002134b13fd80 nmethod 2362 0x0000021337c50990 code [0x0000021337c50b40, 0x0000021337c50ef8]
Event: 20.779 Thread 0x000002134b13fd80 2363       3       java.util.BitSet::get (69 bytes)
Event: 20.780 Thread 0x000002134b13fd80 nmethod 2363 0x0000021337c51010 code [0x0000021337c51260, 0x0000021337c51a68]
Event: 20.780 Thread 0x000002134b13fd80 2365       3       io.netty.buffer.AbstractByteBuf::ensureAccessible (23 bytes)
Event: 20.781 Thread 0x000002134b13fd80 nmethod 2365 0x0000021337c51d90 code [0x0000021337c51f40, 0x0000021337c52238]
Event: 20.781 Thread 0x000002134b13fd80 2366       3       io.netty.buffer.AbstractReferenceCountedByteBuf::isAccessible (8 bytes)
Event: 20.781 Thread 0x000002134b13fd80 nmethod 2366 0x0000021337c52390 code [0x0000021337c52540, 0x0000021337c52688]
Event: 20.781 Thread 0x000002134b13fd80 2367       3       io.netty.util.internal.ReferenceCountUpdater::isLiveNonVolatile (70 bytes)
Event: 20.781 Thread 0x000002134b13fd80 nmethod 2367 0x0000021337c52710 code [0x0000021337c528e0, 0x0000021337c52db8]
Event: 20.782 Thread 0x000002134b13fd80 2368       1       io.netty.buffer.AbstractByteBuf::writerIndex (5 bytes)
Event: 20.782 Thread 0x000002134b13fd80 nmethod 2368 0x000002133f371890 code [0x000002133f371a20, 0x000002133f371af8]
Event: 20.782 Thread 0x000002134b13fd80 2369       1       io.netty.channel.DefaultChannelHandlerContext::handler (5 bytes)
Event: 20.782 Thread 0x000002134b13fd80 nmethod 2369 0x000002133f371b90 code [0x000002133f371d20, 0x000002133f371df8]

GC Heap History (10 events):
Event: 1.298 GC heap before
{Heap before GC invocations=0 (full 0):
 garbage-first heap   total 65536K, used 12288K [0x00000000c1c00000, 0x0000000100000000)
  region size 1024K, 13 young (13312K), 0 survivors (0K)
 Metaspace       used 2883K, committed 3008K, reserved 1114112K
  class space    used 330K, committed 384K, reserved 1048576K
}
Event: 1.308 GC heap after
{Heap after GC invocations=1 (full 0):
 garbage-first heap   total 65536K, used 4264K [0x00000000c1c00000, 0x0000000100000000)
  region size 1024K, 2 young (2048K), 2 survivors (2048K)
 Metaspace       used 2883K, committed 3008K, reserved 1114112K
  class space    used 330K, committed 384K, reserved 1048576K
}
Event: 4.008 GC heap before
{Heap before GC invocations=1 (full 0):
 garbage-first heap   total 65536K, used 16552K [0x00000000c1c00000, 0x0000000100000000)
  region size 1024K, 14 young (14336K), 2 survivors (2048K)
 Metaspace       used 6530K, committed 6784K, reserved 1114112K
  class space    used 790K, committed 896K, reserved 1048576K
}
Event: 4.017 GC heap after
{Heap after GC invocations=2 (full 0):
 garbage-first heap   total 65536K, used 6566K [0x00000000c1c00000, 0x0000000100000000)
  region size 1024K, 2 young (2048K), 2 survivors (2048K)
 Metaspace       used 6530K, committed 6784K, reserved 1114112K
  class space    used 790K, committed 896K, reserved 1048576K
}
Event: 5.009 GC heap before
{Heap before GC invocations=2 (full 0):
 garbage-first heap   total 65536K, used 26022K [0x00000000c1c00000, 0x0000000100000000)
  region size 1024K, 21 young (21504K), 2 survivors (2048K)
 Metaspace       used 11553K, committed 11712K, reserved 1114112K
  class space    used 1424K, committed 1536K, reserved 1048576K
}
Event: 5.020 GC heap after
{Heap after GC invocations=3 (full 0):
 garbage-first heap   total 65536K, used 9757K [0x00000000c1c00000, 0x0000000100000000)
  region size 1024K, 3 young (3072K), 3 survivors (3072K)
 Metaspace       used 11553K, committed 11712K, reserved 1114112K
  class space    used 1424K, committed 1536K, reserved 1048576K
}
Event: 14.203 GC heap before
{Heap before GC invocations=3 (full 0):
 garbage-first heap   total 65536K, used 51741K [0x00000000c1c00000, 0x0000000100000000)
  region size 1024K, 28 young (28672K), 3 survivors (3072K)
 Metaspace       used 20192K, committed 20416K, reserved 1114112K
  class space    used 2574K, committed 2688K, reserved 1048576K
}
Event: 14.220 GC heap after
{Heap after GC invocations=4 (full 0):
 garbage-first heap   total 65536K, used 29231K [0x00000000c1c00000, 0x0000000100000000)
  region size 1024K, 2 young (2048K), 2 survivors (2048K)
 Metaspace       used 20192K, committed 20416K, reserved 1114112K
  class space    used 2574K, committed 2688K, reserved 1048576K
}
Event: 15.575 GC heap before
{Heap before GC invocations=4 (full 0):
 garbage-first heap   total 65536K, used 33327K [0x00000000c1c00000, 0x0000000100000000)
  region size 1024K, 7 young (7168K), 2 survivors (2048K)
 Metaspace       used 21338K, committed 21504K, reserved 1114112K
  class space    used 2745K, committed 2816K, reserved 1048576K
}
Event: 15.584 GC heap after
{Heap after GC invocations=5 (full 0):
 garbage-first heap   total 65536K, used 30115K [0x00000000c1c00000, 0x0000000100000000)
  region size 1024K, 1 young (1024K), 1 survivors (1024K)
 Metaspace       used 21338K, committed 21504K, reserved 1114112K
  class space    used 2745K, committed 2816K, reserved 1048576K
}

Dll operation events (14 events):
Event: 0.063 Loaded shared library C:\Program Files\Eclipse Adoptium\jdk-17.0.7.7-hotspot\bin\java.dll
Event: 0.093 Loaded shared library C:\Program Files\Eclipse Adoptium\jdk-17.0.7.7-hotspot\bin\jsvml.dll
Event: 0.395 Loaded shared library C:\Program Files\Eclipse Adoptium\jdk-17.0.7.7-hotspot\bin\zip.dll
Event: 0.399 Loaded shared library C:\Program Files\Eclipse Adoptium\jdk-17.0.7.7-hotspot\bin\instrument.dll
Event: 0.409 Loaded shared library C:\Program Files\Eclipse Adoptium\jdk-17.0.7.7-hotspot\bin\net.dll
Event: 0.412 Loaded shared library C:\Program Files\Eclipse Adoptium\jdk-17.0.7.7-hotspot\bin\nio.dll
Event: 0.418 Loaded shared library C:\Program Files\Eclipse Adoptium\jdk-17.0.7.7-hotspot\bin\zip.dll
Event: 0.801 Loaded shared library C:\Program Files\JetBrains\IntelliJ IDEA Community Edition 2023.1.2\bin\breakgen64.dll
Event: 0.835 Loaded shared library C:\Program Files\Eclipse Adoptium\jdk-17.0.7.7-hotspot\bin\jimage.dll
Event: 1.142 Loaded shared library C:\Program Files\Eclipse Adoptium\jdk-17.0.7.7-hotspot\bin\verify.dll
Event: 3.938 Loaded shared library C:\Program Files\Eclipse Adoptium\jdk-17.0.7.7-hotspot\bin\prefs.dll
Event: 4.104 Loaded shared library C:\Program Files\Eclipse Adoptium\jdk-17.0.7.7-hotspot\bin\sunmscapi.dll
Event: 5.046 Loaded shared library C:\Program Files\Eclipse Adoptium\jdk-17.0.7.7-hotspot\bin\management.dll
Event: 5.070 Loaded shared library C:\Program Files\Eclipse Adoptium\jdk-17.0.7.7-hotspot\bin\management_ext.dll

Deoptimization events (20 events):
Event: 14.419 Thread 0x000002132fccb8f0 Uncommon trap: trap_request=0xffffff45 fr.pc=0x000002133f32ab8c relative=0x00000000000010ec
Event: 14.419 Thread 0x000002132fccb8f0 Uncommon trap: reason=unstable_if action=reinterpret pc=0x000002133f32ab8c method=java.util.concurrent.ConcurrentHashMap.putVal(Ljava/lang/Object;Ljava/lang/Object;Z)Ljava/lang/Object; @ 256 c2
Event: 14.419 Thread 0x000002132fccb8f0 DEOPT PACKING pc=0x000002133f32ab8c sp=0x00000077573fc5e0
Event: 14.419 Thread 0x000002132fccb8f0 DEOPT UNPACKING pc=0x000002133ed369a3 sp=0x00000077573fc558 mode 2
Event: 20.673 Thread 0x000002132fccb8f0 Uncommon trap: trap_request=0xffffffde fr.pc=0x000002133f362160 relative=0x00000000000004c0
Event: 20.673 Thread 0x000002132fccb8f0 Uncommon trap: reason=class_check action=maybe_recompile pc=0x000002133f362160 method=java.util.HashMap.putVal(ILjava/lang/Object;Ljava/lang/Object;ZZ)Ljava/lang/Object; @ 253 c2
Event: 20.673 Thread 0x000002132fccb8f0 DEOPT PACKING pc=0x000002133f362160 sp=0x00000077573fcb30
Event: 20.673 Thread 0x000002132fccb8f0 DEOPT UNPACKING pc=0x000002133ed369a3 sp=0x00000077573fcad0 mode 2
Event: 20.676 Thread 0x000002132fccb8f0 Uncommon trap: trap_request=0xffffff45 fr.pc=0x000002133f2cf214 relative=0x00000000000002f4
Event: 20.676 Thread 0x000002132fccb8f0 Uncommon trap: reason=unstable_if action=reinterpret pc=0x000002133f2cf214 method=jdk.internal.org.objectweb.asm.SymbolTable.put(Ljdk/internal/org/objectweb/asm/SymbolTable$Entry;)Ljdk/internal/org/objectweb/asm/SymbolTable$Entry; @ 13 c2
Event: 20.676 Thread 0x000002132fccb8f0 DEOPT PACKING pc=0x000002133f2cf214 sp=0x00000077573fbf50
Event: 20.676 Thread 0x000002132fccb8f0 DEOPT UNPACKING pc=0x000002133ed369a3 sp=0x00000077573fbed0 mode 2
Event: 20.764 Thread 0x000002132fccb8f0 Uncommon trap: trap_request=0xffffff45 fr.pc=0x000002133f34efa8 relative=0x0000000000004f08
Event: 20.764 Thread 0x000002132fccb8f0 Uncommon trap: reason=unstable_if action=reinterpret pc=0x000002133f34efa8 method=java.lang.invoke.MethodType.makeImpl(Ljava/lang/Class;[Ljava/lang/Class;Z)Ljava/lang/invoke/MethodType; @ 47 c2
Event: 20.764 Thread 0x000002132fccb8f0 DEOPT PACKING pc=0x000002133f34efa8 sp=0x00000077573fc960
Event: 20.764 Thread 0x000002132fccb8f0 DEOPT UNPACKING pc=0x000002133ed369a3 sp=0x00000077573fc990 mode 2
Event: 20.773 Thread 0x000002132fccb8f0 Uncommon trap: trap_request=0xffffffde fr.pc=0x000002133f362160 relative=0x00000000000004c0
Event: 20.773 Thread 0x000002132fccb8f0 Uncommon trap: reason=class_check action=maybe_recompile pc=0x000002133f362160 method=java.util.HashMap.putVal(ILjava/lang/Object;Ljava/lang/Object;ZZ)Ljava/lang/Object; @ 253 c2
Event: 20.773 Thread 0x000002132fccb8f0 DEOPT PACKING pc=0x000002133f362160 sp=0x00000077573fcb30
Event: 20.773 Thread 0x000002132fccb8f0 DEOPT UNPACKING pc=0x000002133ed369a3 sp=0x00000077573fcad0 mode 2

Classes unloaded (0 events):
No events

Classes redefined (0 events):
No events

Internal exceptions (20 events):
Event: 5.682 Thread 0x0000021350576370 Exception <a 'java/lang/NoSuchMethodError'{0x00000000c5090b30}: 'void java.lang.invoke.DirectMethodHandle$Holder.invokeStatic(java.lang.Object, long)'> (0x00000000c5090b30) 
thrown [s\src\hotspot\share\interpreter\linkResolver.cpp, line 759]
Event: 5.683 Thread 0x0000021350576370 Exception <a 'java/lang/NoSuchMethodError'{0x00000000c5095ed8}: 'java.lang.Object java.lang.invoke.DirectMethodHandle$Holder.newInvokeSpecial(java.lang.Object, long)'> (0x00000000c5095ed8) 
thrown [s\src\hotspot\share\interpreter\linkResolver.cpp, line 759]
Event: 5.687 Thread 0x0000021350576370 Exception <a 'java/lang/NoSuchMethodError'{0x00000000c50a0050}: 'java.lang.Object java.lang.invoke.DirectMethodHandle$Holder.invokeStaticInit(java.lang.Object, java.lang.Object, long, java.lang.Object)'> (0x00000000c50a0050) 
thrown [s\src\hotspot\share\interpreter\linkResolver.cpp, line 759]
Event: 5.688 Thread 0x0000021350576370 Exception <a 'java/lang/NoSuchMethodError'{0x00000000c50a60d8}: 'java.lang.Object java.lang.invoke.DirectMethodHandle$Holder.newInvokeSpecial(java.lang.Object, java.lang.Object, long)'> (0x00000000c50a60d8) 
thrown [s\src\hotspot\share\interpreter\linkResolver.cpp, line 759]
Event: 5.688 Thread 0x0000021350576370 Exception <a 'java/lang/NoSuchMethodError'{0x00000000c50a9c48}: 'java.lang.Object java.lang.invoke.Invokers$Holder.linkToTargetMethod(java.lang.Object, long, java.lang.Object)'> (0x00000000c50a9c48) 
thrown [s\src\hotspot\share\interpreter\linkResolver.cpp, line 759]
Event: 5.705 Thread 0x0000021350603570 Exception <a 'java/net/ConnectException'{0x00000000c50e3950}: Connection refused: no further information> (0x00000000c50e3950) 
thrown [s\src\hotspot\share\prims\jni.cpp, line 535]
Event: 5.705 Thread 0x0000021350603570 Exception <a 'java/net/SocketException'{0x00000000c50e3c88}: Socket is not connected: shutdown> (0x00000000c50e3c88) 
thrown [s\src\hotspot\share\prims\jni.cpp, line 535]
Event: 5.736 Thread 0x0000021350603570 Exception <a 'java/net/ConnectException'{0x00000000c50e4c20}: Connection refused: no further information> (0x00000000c50e4c20) 
thrown [s\src\hotspot\share\prims\jni.cpp, line 535]
Event: 5.736 Thread 0x0000021350603570 Exception <a 'java/net/SocketException'{0x00000000c50e4f58}: Socket is not connected: shutdown> (0x00000000c50e4f58) 
thrown [s\src\hotspot\share\prims\jni.cpp, line 535]
Event: 5.784 Thread 0x0000021350603570 Exception <a 'java/net/ConnectException'{0x00000000c50e5ef0}: Connection refused: no further information> (0x00000000c50e5ef0) 
thrown [s\src\hotspot\share\prims\jni.cpp, line 535]
Event: 5.784 Thread 0x0000021350603570 Exception <a 'java/net/SocketException'{0x00000000c50e6228}: Socket is not connected: shutdown> (0x00000000c50e6228) 
thrown [s\src\hotspot\share\prims\jni.cpp, line 535]
Event: 5.916 Thread 0x000002132fccb8f0 Exception <a 'java/lang/NoSuchMethodError'{0x00000000c4fdd320}: 'double java.lang.invoke.DirectMethodHandle$Holder.invokeVirtual(java.lang.Object, java.lang.Object)'> (0x00000000c4fdd320) 
thrown [s\src\hotspot\share\interpreter\linkResolver.cpp, line 759]
Event: 5.916 Thread 0x000002132fccb8f0 Exception <a 'java/lang/NoSuchMethodError'{0x00000000c4fe3b80}: 'float java.lang.invoke.DirectMethodHandle$Holder.invokeVirtual(java.lang.Object, java.lang.Object)'> (0x00000000c4fe3b80) 
thrown [s\src\hotspot\share\interpreter\linkResolver.cpp, line 759]
Event: 5.918 Thread 0x000002132fccb8f0 Exception <a 'java/lang/NoSuchMethodError'{0x00000000c4fece08}: 'long java.lang.invoke.DirectMethodHandle$Holder.invokeVirtual(java.lang.Object, java.lang.Object)'> (0x00000000c4fece08) 
thrown [s\src\hotspot\share\interpreter\linkResolver.cpp, line 759]
Event: 5.986 Thread 0x000002132fccb8f0 Exception <a 'java/lang/NoSuchMethodError'{0x00000000c4d2ec30}: 'void java.lang.invoke.DirectMethodHandle$Holder.invokeStatic(java.lang.Object, java.lang.Object, int)'> (0x00000000c4d2ec30) 
thrown [s\src\hotspot\share\interpreter\linkResolver.cpp, line 759]
Event: 6.167 Thread 0x000002132fccb8f0 Exception <a 'java/lang/NoSuchMethodError'{0x00000000c4b1ec78}: 'int java.lang.invoke.DirectMethodHandle$Holder.invokeSpecialIFC(java.lang.Object, java.lang.Object, java.lang.Object)'> (0x00000000c4b1ec78) 
thrown [s\src\hotspot\share\interpreter\linkResolver.cpp, line 759]
Event: 6.318 Thread 0x000002132fccb8f0 Exception <a 'java/lang/NoSuchMethodError'{0x00000000c483ea38}: 'void java.lang.invoke.DirectMethodHandle$Holder.invokeSpecial(java.lang.Object, java.lang.Object, java.lang.Object, java.lang.Object, java.lang.Object, java.lang.Object)'> (0x00000000c483ea38) 
thrown [s\src\hotspot\share\interpreter\linkResolver.cpp, line 759]
Event: 14.360 Thread 0x000002132fccb8f0 Exception <a 'java/lang/NoSuchMethodError'{0x00000000c5916ed0}: 'java.lang.Object java.lang.invoke.DirectMethodHandle$Holder.invokeSpecialIFC(java.lang.Object, java.lang.Object, java.lang.Object)'> (0x00000000c5916ed0) 
thrown [s\src\hotspot\share\interpreter\linkResolver.cpp, line 759]
Event: 14.420 Thread 0x000002132fccb8f0 Exception <a 'java/lang/NoSuchMethodError'{0x00000000c59be4b8}: 'java.lang.Object java.lang.invoke.DirectMethodHandle$Holder.invokeStatic(java.lang.Object, int, java.lang.Object)'> (0x00000000c59be4b8) 
thrown [s\src\hotspot\share\interpreter\linkResolver.cpp, line 759]
Event: 14.441 Thread 0x000002132fccb8f0 Exception <a 'java/lang/ClassNotFoundException'{0x00000000c59d0010}: sun/util/logging/resources/spi/loggingProvider> (0x00000000c59d0010) 
thrown [s\src\hotspot\share\classfile\systemDictionary.cpp, line 256]

VM Operations (20 events):
Event: 6.232 Executing VM operation: Cleanup
Event: 6.233 Executing VM operation: Cleanup done
Event: 7.237 Executing VM operation: Cleanup
Event: 7.237 Executing VM operation: Cleanup done
Event: 14.203 Executing VM operation: G1CollectForAllocation
Event: 14.220 Executing VM operation: G1CollectForAllocation done
Event: 15.230 Executing VM operation: Cleanup
Event: 15.340 Executing VM operation: Cleanup done
Event: 15.575 Executing VM operation: CollectForMetadataAllocation
Event: 15.584 Executing VM operation: CollectForMetadataAllocation done
Event: 15.609 Executing VM operation: G1Concurrent
Event: 16.112 Executing VM operation: G1Concurrent done
Event: 16.125 Executing VM operation: G1Concurrent
Event: 16.125 Executing VM operation: G1Concurrent done
Event: 17.132 Executing VM operation: Cleanup
Event: 17.225 Executing VM operation: Cleanup done
Event: 18.232 Executing VM operation: Cleanup
Event: 18.232 Executing VM operation: Cleanup done
Event: 19.236 Executing VM operation: Cleanup
Event: 19.236 Executing VM operation: Cleanup done

Events (20 events):
Event: 15.589 Thread 0x0000021350561e10 Thread added: 0x0000021350561e10
Event: 16.138 loading class java/util/concurrent/locks/ReentrantReadWriteLock$FairSync
Event: 16.198 loading class java/util/concurrent/locks/ReentrantReadWriteLock$FairSync done
Event: 16.579 loading class java/util/Base64
Event: 16.678 loading class java/util/Base64 done
Event: 16.678 loading class java/util/Base64$Encoder
Event: 16.772 loading class java/util/Base64$Encoder done
Event: 16.774 Thread 0x000002135055fc60 Thread added: 0x000002135055fc60
Event: 16.776 loading class java/util/concurrent/CompletableFuture$UniExceptionally
Event: 17.213 loading class java/util/concurrent/CompletableFuture$UniCompletion
Event: 17.220 loading class java/util/concurrent/CompletableFuture$UniCompletion done
Event: 17.220 loading class java/util/concurrent/CompletableFuture$UniExceptionally done
Event: 17.401 loading class java/lang/Deprecated
Event: 17.495 loading class java/lang/Deprecated done
Event: 20.614 loading class java/time/Instant$1
Event: 20.614 loading class java/time/Instant$1 done
Event: 20.773 loading class jdk/internal/reflect/UnsafeStaticObjectFieldAccessorImpl
Event: 20.773 loading class jdk/internal/reflect/UnsafeStaticObjectFieldAccessorImpl done
Event: 20.774 loading class java/util/AbstractList$ListItr
Event: 20.774 loading class java/util/AbstractList$ListItr done


Dynamic libraries:
0x00007ff663160000 - 0x00007ff66316e000 	C:\Program Files\Eclipse Adoptium\jdk-17.0.7.7-hotspot\bin\java.exe
0x00007ffa53850000 - 0x00007ffa53a48000 	C:\WINDOWS\SYSTEM32\ntdll.dll
0x00007ffa535f0000 - 0x00007ffa536af000 	C:\WINDOWS\System32\KERNEL32.DLL
0x00007ffa510f0000 - 0x00007ffa513e6000 	C:\WINDOWS\System32\KERNELBASE.dll
0x00007ffa513f0000 - 0x00007ffa514f0000 	C:\WINDOWS\System32\ucrtbase.dll
0x00007ffa3db00000 - 0x00007ffa3db19000 	C:\Program Files\Eclipse Adoptium\jdk-17.0.7.7-hotspot\bin\VCRUNTIME140.dll
0x00007ffa46f60000 - 0x00007ffa46f77000 	C:\Program Files\Eclipse Adoptium\jdk-17.0.7.7-hotspot\bin\jli.dll
0x00007ffa51910000 - 0x00007ffa51aad000 	C:\WINDOWS\System32\USER32.dll
0x00007ffa51520000 - 0x00007ffa51542000 	C:\WINDOWS\System32\win32u.dll
0x00007ffa52350000 - 0x00007ffa5237c000 	C:\WINDOWS\System32\GDI32.dll
0x00007ffa51550000 - 0x00007ffa51665000 	C:\WINDOWS\System32\gdi32full.dll
0x00007ffa51050000 - 0x00007ffa510ed000 	C:\WINDOWS\System32\msvcp_win.dll
0x00007ffa340b0000 - 0x00007ffa3434a000 	C:\WINDOWS\WinSxS\amd64_microsoft.windows.common-controls_6595b64144ccf1df_6.0.19041.1110_none_60b5254171f9507e\COMCTL32.dll
0x00007ffa51ab0000 - 0x00007ffa51b4e000 	C:\WINDOWS\System32\msvcrt.dll
0x00007ffa537e0000 - 0x00007ffa53810000 	C:\WINDOWS\System32\IMM32.DLL
0x00007ffa456e0000 - 0x00007ffa456ec000 	C:\Program Files\Eclipse Adoptium\jdk-17.0.7.7-hotspot\bin\vcruntime140_1.dll
0x00007ffa234d0000 - 0x00007ffa23561000 	C:\Program Files\Eclipse Adoptium\jdk-17.0.7.7-hotspot\bin\msvcp140.dll
0x00007ffa06460000 - 0x00007ffa070a8000 	C:\Program Files\Eclipse Adoptium\jdk-17.0.7.7-hotspot\bin\server\jvm.dll
0x00007ffa52050000 - 0x00007ffa520ff000 	C:\WINDOWS\System32\ADVAPI32.dll
0x00007ffa53090000 - 0x00007ffa5312c000 	C:\WINDOWS\System32\sechost.dll
0x00007ffa52810000 - 0x00007ffa52936000 	C:\WINDOWS\System32\RPCRT4.dll
0x00007ffa37030000 - 0x00007ffa37039000 	C:\WINDOWS\SYSTEM32\WSOCK32.dll
0x00007ffa52530000 - 0x00007ffa5259b000 	C:\WINDOWS\System32\WS2_32.dll
0x00007ffa38e50000 - 0x00007ffa38e77000 	C:\WINDOWS\SYSTEM32\WINMM.dll
0x00007ffa44530000 - 0x00007ffa4453a000 	C:\WINDOWS\SYSTEM32\VERSION.dll
0x00007ffa4ede0000 - 0x00007ffa4edf2000 	C:\WINDOWS\SYSTEM32\kernel.appcore.dll
0x00007ffa3dc30000 - 0x00007ffa3dc3a000 	C:\Program Files\Eclipse Adoptium\jdk-17.0.7.7-hotspot\bin\jimage.dll
0x00007ffa4e6b0000 - 0x00007ffa4e894000 	C:\WINDOWS\SYSTEM32\DBGHELP.DLL
0x00007ffa44f50000 - 0x00007ffa44f84000 	C:\WINDOWS\SYSTEM32\dbgcore.DLL
0x00007ffa51820000 - 0x00007ffa518a2000 	C:\WINDOWS\System32\bcryptPrimitives.dll
0x00007ffa36860000 - 0x00007ffa3686e000 	C:\Program Files\Eclipse Adoptium\jdk-17.0.7.7-hotspot\bin\instrument.dll
0x00007ffa335e0000 - 0x00007ffa33605000 	C:\Program Files\Eclipse Adoptium\jdk-17.0.7.7-hotspot\bin\java.dll
0x00007ffa1ac50000 - 0x00007ffa1ad26000 	C:\Program Files\Eclipse Adoptium\jdk-17.0.7.7-hotspot\bin\jsvml.dll
0x00007ffa52940000 - 0x00007ffa53084000 	C:\WINDOWS\System32\SHELL32.dll
0x00007ffa4efe0000 - 0x00007ffa4f774000 	C:\WINDOWS\SYSTEM32\windows.storage.dll
0x00007ffa531e0000 - 0x00007ffa53534000 	C:\WINDOWS\System32\combase.dll
0x00007ffa50970000 - 0x00007ffa5099e000 	C:\WINDOWS\SYSTEM32\Wldp.dll
0x00007ffa53130000 - 0x00007ffa531dd000 	C:\WINDOWS\System32\SHCORE.dll
0x00007ffa525b0000 - 0x00007ffa52605000 	C:\WINDOWS\System32\shlwapi.dll
0x00007ffa50e60000 - 0x00007ffa50e85000 	C:\WINDOWS\SYSTEM32\profapi.dll
0x00007ffa335c0000 - 0x00007ffa335d8000 	C:\Program Files\Eclipse Adoptium\jdk-17.0.7.7-hotspot\bin\zip.dll
0x00007ffa36760000 - 0x00007ffa36779000 	C:\Program Files\Eclipse Adoptium\jdk-17.0.7.7-hotspot\bin\net.dll
0x00007ffa42fa0000 - 0x00007ffa430aa000 	C:\WINDOWS\SYSTEM32\WINHTTP.dll
0x00007ffa506d0000 - 0x00007ffa5073a000 	C:\WINDOWS\system32\mswsock.dll
0x00007ffa363e0000 - 0x00007ffa363f5000 	C:\Program Files\Eclipse Adoptium\jdk-17.0.7.7-hotspot\bin\nio.dll
0x00007ffa335a0000 - 0x00007ffa335ba000 	C:\Program Files\JetBrains\IntelliJ IDEA Community Edition 2023.1.2\bin\breakgen64.dll
0x00007ffa3d8f0000 - 0x00007ffa3d900000 	C:\Program Files\Eclipse Adoptium\jdk-17.0.7.7-hotspot\bin\verify.dll
0x00007ffa508d0000 - 0x00007ffa508e8000 	C:\WINDOWS\SYSTEM32\CRYPTSP.dll
0x00007ffa4ff80000 - 0x00007ffa4ffb4000 	C:\WINDOWS\system32\rsaenh.dll
0x00007ffa514f0000 - 0x00007ffa51517000 	C:\WINDOWS\System32\bcrypt.dll
0x00007ffa50de0000 - 0x00007ffa50e0e000 	C:\WINDOWS\SYSTEM32\USERENV.dll
0x00007ffa508c0000 - 0x00007ffa508cc000 	C:\WINDOWS\SYSTEM32\CRYPTBASE.dll
0x00007ffa50370000 - 0x00007ffa503ac000 	C:\WINDOWS\SYSTEM32\IPHLPAPI.DLL
0x00007ffa535e0000 - 0x00007ffa535e8000 	C:\WINDOWS\System32\NSI.dll
0x00007ffa444d0000 - 0x00007ffa444e7000 	C:\WINDOWS\SYSTEM32\dhcpcsvc6.DLL
0x00007ffa44d50000 - 0x00007ffa44d6d000 	C:\WINDOWS\SYSTEM32\dhcpcsvc.DLL
0x00007ffa503c0000 - 0x00007ffa5048a000 	C:\WINDOWS\SYSTEM32\DNSAPI.dll
0x00007ffa32460000 - 0x00007ffa32469000 	C:\Program Files\Eclipse Adoptium\jdk-17.0.7.7-hotspot\bin\prefs.dll
0x00007ffa33a40000 - 0x00007ffa33a4e000 	C:\Program Files\Eclipse Adoptium\jdk-17.0.7.7-hotspot\bin\sunmscapi.dll
0x00007ffa516c0000 - 0x00007ffa5181e000 	C:\WINDOWS\System32\CRYPT32.dll
0x00007ffa509e0000 - 0x00007ffa50a08000 	C:\WINDOWS\SYSTEM32\ncrypt.dll
0x00007ffa509a0000 - 0x00007ffa509db000 	C:\WINDOWS\SYSTEM32\NTASN1.dll
0x00007ffa3da20000 - 0x00007ffa3da2a000 	C:\Windows\System32\rasadhlp.dll
0x00007ffa3e110000 - 0x00007ffa3e192000 	C:\WINDOWS\System32\fwpuclnt.dll
0x00007ffa371f0000 - 0x00007ffa371f9000 	C:\Program Files\Eclipse Adoptium\jdk-17.0.7.7-hotspot\bin\management.dll
0x00007ffa371a0000 - 0x00007ffa371ab000 	C:\Program Files\Eclipse Adoptium\jdk-17.0.7.7-hotspot\bin\management_ext.dll
0x00007ffa525a0000 - 0x00007ffa525a8000 	C:\WINDOWS\System32\PSAPI.DLL
0x00007ffa46eb0000 - 0x00007ffa46eb7000 	C:\WINDOWS\system32\wshunix.dll
0x00007ffa48160000 - 0x00007ffa48177000 	C:\WINDOWS\system32\napinsp.dll
0x00007ffa48140000 - 0x00007ffa4815b000 	C:\WINDOWS\system32\pnrpnsp.dll
0x00007ffa47e90000 - 0x00007ffa47ea5000 	C:\WINDOWS\system32\wshbth.dll
0x00007ffa45580000 - 0x00007ffa4559d000 	C:\WINDOWS\system32\NLAapi.dll
0x00007ffa48120000 - 0x00007ffa48132000 	C:\WINDOWS\System32\winrnr.dll

dbghelp: loaded successfully - version: 4.0.5 - missing functions: none
symbol engine: initialized successfully - sym options: 0x614 - pdb path: .;C:\Program Files\Eclipse Adoptium\jdk-17.0.7.7-hotspot\bin;C:\WINDOWS\SYSTEM32;C:\WINDOWS\WinSxS\amd64_microsoft.windows.common-controls_6595b64144ccf1df_6.0.19041.1110_none_60b5254171f9507e;C:\Program Files\Eclipse Adoptium\jdk-17.0.7.7-hotspot\bin\server;C:\Program Files\JetBrains\IntelliJ IDEA Community Edition 2023.1.2\bin

VM Arguments:
jvm_args: -Dorg.jetbrains.run.directory=C:\selenium-framework\src\test\resources\Feature -javaagent:C:\Program Files\JetBrains\IntelliJ IDEA Community Edition 2023.1.2\lib\idea_rt.jar=49179:C:\Program Files\JetBrains\IntelliJ IDEA Community Edition 2023.1.2\bin -Dfile.encoding=UTF-8 
java_command: io.cucumber.core.cli.Main --plugin org.jetbrains.plugins.cucumber.java.run.CucumberJvm5SMFormatter --name ^Create an account using a valid email address$ --glue com.testing.stepDefinition --glue com.testing.cucumber C:/selenium-framework/src/test/resources/Feature/AccountManagement.feature
java_class_path (initial): C:\selenium-framework\target\test-classes;C:\Users\User\.m2\repository\junit\junit\4.11\junit-4.11.jar;C:\Users\User\.m2\repository\org\hamcrest\hamcrest-core\1.3\hamcrest-core-1.3.jar;C:\Users\User\.m2\repository\org\seleniumhq\selenium\selenium-java\4.1.1\selenium-java-4.1.1.jar;C:\Users\User\.m2\repository\org\seleniumhq\selenium\selenium-api\4.1.1\selenium-api-4.1.1.jar;C:\Users\User\.m2\repository\org\seleniumhq\selenium\selenium-chrome-driver\4.1.1\selenium-chrome-driver-4.1.1.jar;C:\Users\User\.m2\repository\com\google\auto\service\auto-service-annotations\1.0.1\auto-service-annotations-1.0.1.jar;C:\Users\User\.m2\repository\com\google\auto\service\auto-service\1.0.1\auto-service-1.0.1.jar;C:\Users\User\.m2\repository\com\google\auto\auto-common\1.2\auto-common-1.2.jar;C:\Users\User\.m2\repository\com\google\guava\guava\31.0.1-jre\guava-31.0.1-jre.jar;C:\Users\User\.m2\repository\com\google\guava\failureaccess\1.0.1\failureaccess-1.0.1.jar;C:\Users\User\.m2\repository\com\google\guava\listenablefuture\9999.0-empty-to-avoid-conflict-with-guava\listenablefuture-9999.0-empty-to-avoid-conflict-with-guava.jar;C:\Users\User\.m2\repository\com\google\code\findbugs\jsr305\3.0.2\jsr305-3.0.2.jar;C:\Users\User\.m2\repository\org\checkerframework\checker-qual\3.12.0\checker-qual-3.12.0.jar;C:\Users\User\.m2\repository\com\google\errorprone\error_prone_annotations\2.7.1\error_prone_annotations-2.7.1.jar;C:\Users\User\.m2\repository\com\google\j2objc\j2objc-annotations\1.3\j2objc-annotations-1.3.jar;C:\Users\User\.m2\repository\org\seleniumhq\selenium\selenium-chromium-driver\4.1.1\selenium-chromium-driver-4.1.1.jar;C:\Users\User\.m2\repository\org\seleniumhq\selenium\selenium-json\4.1.1\selenium-json-4.1.1.jar;C:\Users\User\.m2\repository\org\seleniumhq\selenium\selenium-devtools-v85\4.1.1\selenium-devtools-v85-4.1.1.jar;C:\Users\User\.m2\repository\org\seleniumhq\selenium\selenium-devtools-v94\4.1.1\selenium-devtools-v94-4.1.1.jar;C:\Users\U
Launcher Type: SUN_STANDARD

[Global flags]
     intx CICompilerCount                          = 3                                         {product} {ergonomic}
     uint ConcGCThreads                            = 1                                         {product} {ergonomic}
     uint G1ConcRefinementThreads                  = 4                                         {product} {ergonomic}
   size_t G1HeapRegionSize                         = 1048576                                   {product} {ergonomic}
    uintx GCDrainStackTargetSize                   = 64                                        {product} {ergonomic}
   size_t InitialHeapSize                          = 67108864                                  {product} {ergonomic}
   size_t MarkStackSize                            = 4194304                                   {product} {ergonomic}
   size_t MaxHeapSize                              = 1044381696                                {product} {ergonomic}
   size_t MaxNewSize                               = 625999872                                 {product} {ergonomic}
   size_t MinHeapDeltaBytes                        = 1048576                                   {product} {ergonomic}
   size_t MinHeapSize                              = 8388608                                   {product} {ergonomic}
    uintx NonNMethodCodeHeapSize                   = 5832780                                {pd product} {ergonomic}
    uintx NonProfiledCodeHeapSize                  = 122912730                              {pd product} {ergonomic}
    uintx ProfiledCodeHeapSize                     = 122912730                              {pd product} {ergonomic}
    uintx ReservedCodeCacheSize                    = 251658240                              {pd product} {ergonomic}
     bool SegmentedCodeCache                       = true                                      {product} {ergonomic}
   size_t SoftMaxHeapSize                          = 1044381696                             {manageable} {ergonomic}
     bool UseCompressedClassPointers               = true                           {product lp64_product} {ergonomic}
     bool UseCompressedOops                        = true                           {product lp64_product} {ergonomic}
     bool UseG1GC                                  = true                                      {product} {ergonomic}
     bool UseLargePagesIndividualAllocation        = false                                  {pd product} {ergonomic}

Logging:
Log output configuration:
 #0: stdout all=warning uptime,level,tags
 #1: stderr all=off uptime,level,tags

Environment Variables:
PATH=C:\Program Files\Eclipse Adoptium\jdk-17.0.7.7-hotspot\bin;C:\WINDOWS\system32;C:\WINDOWS;C:\WINDOWS\System32\Wbem;C:\WINDOWS\System32\WindowsPowerShell\v1.0\;C:\WINDOWS\System32\OpenSSH\;C:\Program Files (x86)\Intel\Intel(R) Management Engine Components\DAL;C:\Program Files\Intel\Intel(R) Management Engine Components\DAL;C:\Program Files (x86)\Intel\Intel(R) Management Engine Components\IPT;C:\Program Files\Intel\Intel(R) Management Engine Components\IPT;C:\Program Files\Intel\WiFi\bin\;C:\Program Files\Common Files\Intel\WirelessCommon\;C:\Program Files\Git\cmd;C:\Users\User\AppData\Local\Microsoft\WindowsApps;
USERNAME=User
OS=Windows_NT
PROCESSOR_IDENTIFIER=Intel64 Family 6 Model 142 Stepping 10, GenuineIntel
TMP=C:\Users\User\AppData\Local\Temp
TEMP=C:\Users\User\AppData\Local\Temp



---------------  S Y S T E M  ---------------

OS:
 Windows 10 , 64 bit Build 19041 (10.0.19041.3155)
OS uptime: 0 days 20:38 hours

CPU: total 4 (initial active 4) (2 cores per cpu, 2 threads per core) family 6 model 142 stepping 10 microcode 0xe0, cx8, cmov, fxsr, ht, mmx, 3dnowpref, sse, sse2, sse3, ssse3, sse4.1, sse4.2, popcnt, lzcnt, tsc, tscinvbit, avx, avx2, aes, erms, clmul, bmi1, bmi2, adx, fma, vzeroupper, clflush, clflushopt

Memory: 4k page, system-wide physical 3976M (159M free)
TotalPageFile size 9677M (AvailPageFile size 252M)
current process WorkingSet (physical memory assigned to process): 193M, peak: 193M
current process commit charge ("private bytes"): 234M, peak: 235M

vm_info: OpenJDK 64-Bit Server VM (17.0.7+7) for windows-amd64 JRE (17.0.7+7), built on Apr 18 2023 22:10:42 by "temurin" with MS VC++ 16.7 (VS2019)

END.
